-------------------------------------------------------------------------------
Test set: tn.esprit.tpfoyer.EtudiantServiceImplTest
-------------------------------------------------------------------------------
Tests run: 5, Failures: 0, Errors: 5, Skipped: 0, Time elapsed: 2.599 s <<< FAILURE! -- in tn.esprit.tpfoyer.EtudiantServiceImplTest
tn.esprit.tpfoyer.EtudiantServiceImplTest.testModifyEtudiant -- Time elapsed: 0.074 s <<< ERROR!
java.lang.NullPointerException: Cannot invoke "tn.esprit.tpfoyer.repository.EtudiantRepository.save(Object)" because "this.etudiantRepository" is null
	at tn.esprit.tpfoyer.EtudiantServiceImplTest.testModifyEtudiant(EtudiantServiceImplTest.java:73)
	at java.base/java.lang.reflect.Method.invoke(Method.java:580)
	at java.base/java.util.ArrayList.forEach(ArrayList.java:1596)
	at java.base/java.util.ArrayList.forEach(ArrayList.java:1596)

tn.esprit.tpfoyer.EtudiantServiceImplTest.testRetrieveAllEtudiants -- Time elapsed: 0.007 s <<< ERROR!
java.lang.NullPointerException: Cannot invoke "tn.esprit.tpfoyer.repository.EtudiantRepository.findAll()" because "this.etudiantRepository" is null
	at tn.esprit.tpfoyer.EtudiantServiceImplTest.testRetrieveAllEtudiants(EtudiantServiceImplTest.java:50)
	at java.base/java.lang.reflect.Method.invoke(Method.java:580)
	at java.base/java.util.ArrayList.forEach(ArrayList.java:1596)
	at java.base/java.util.ArrayList.forEach(ArrayList.java:1596)

tn.esprit.tpfoyer.EtudiantServiceImplTest.testRetrieveEtudiant -- Time elapsed: 0.009 s <<< ERROR!
java.lang.NullPointerException: Cannot invoke "tn.esprit.tpfoyer.repository.EtudiantRepository.findById(Object)" because "this.etudiantRepository" is null
	at tn.esprit.tpfoyer.EtudiantServiceImplTest.testRetrieveEtudiant(EtudiantServiceImplTest.java:57)
	at java.base/java.lang.reflect.Method.invoke(Method.java:580)
	at java.base/java.util.ArrayList.forEach(ArrayList.java:1596)
	at java.base/java.util.ArrayList.forEach(ArrayList.java:1596)

tn.esprit.tpfoyer.EtudiantServiceImplTest.testRemoveFoyEtudiant -- Time elapsed: 2.384 s <<< ERROR!
org.mockito.exceptions.misusing.NullInsteadOfMockException: 

Argument passed to when() is null!
Example of correct stubbing:
    doThrow(new RuntimeException()).when(mock).someMethod();
Also, if you use @Mock annotation don't miss openMocks()
	at tn.esprit.tpfoyer.EtudiantServiceImplTest.testRemoveFoyEtudiant(EtudiantServiceImplTest.java:81)
	at java.base/java.lang.reflect.Method.invoke(Method.java:580)
	at java.base/java.util.ArrayList.forEach(ArrayList.java:1596)
	at java.base/java.util.ArrayList.forEach(ArrayList.java:1596)

tn.esprit.tpfoyer.EtudiantServiceImplTest.testAddEtudiant -- Time elapsed: 0.002 s <<< ERROR!
java.lang.NullPointerException: Cannot invoke "tn.esprit.tpfoyer.repository.EtudiantRepository.save(Object)" because "this.etudiantRepository" is null
	at tn.esprit.tpfoyer.EtudiantServiceImplTest.testAddEtudiant(EtudiantServiceImplTest.java:65)
	at java.base/java.lang.reflect.Method.invoke(Method.java:580)
	at java.base/java.util.ArrayList.forEach(ArrayList.java:1596)
	at java.base/java.util.ArrayList.forEach(ArrayList.java:1596)

